2018-09-10 21:41:40,255 [Worker-7: Updating Maven Dependencies] INFO  o.e.m.c.i.l.LifecycleMappingFactory - Using org.maven.ide.eclipse.wtp.WarLifecycleMapping lifecycle mapping for MavenProject: com.ex:RecipeApp:0.0.1-SNAPSHOT @ C:\Users\Joel DeVos\project2\RecipeSuggestionApp\RecipeApp\pom.xml.
2018-09-10 21:41:41,014 [Worker-7: Updating Maven Dependencies] WARN  o.e.m.c.i.embedder.EclipseLogger - The POM for org.springframework:spring-aop:jar:4.2.5.RELEASE is invalid, transitive dependencies (if any) will not be available, enable debug logging for more details
2018-09-10 21:41:41,203 [Worker-7: Updating Maven Dependencies] WARN  o.e.m.c.i.embedder.EclipseLogger - The POM for org.springframework:spring-aspects:jar:4.2.5.RELEASE is invalid, transitive dependencies (if any) will not be available, enable debug logging for more details
2018-09-10 21:41:41,263 [Worker-7: Updating Maven Dependencies] WARN  o.e.m.c.i.embedder.EclipseLogger - The POM for log4j:log4j:jar:1.2.17 is invalid, transitive dependencies (if any) will not be available, enable debug logging for more details
2018-09-10 21:41:41,294 [Worker-7: Updating Maven Dependencies] WARN  o.e.m.c.i.embedder.EclipseLogger - The POM for commons-dbcp:commons-dbcp:jar:1.4 is invalid, transitive dependencies (if any) will not be available, enable debug logging for more details
2018-09-10 21:41:41,342 [Worker-7: Updating Maven Dependencies] WARN  o.e.m.c.i.embedder.EclipseLogger - The POM for org.hibernate:hibernate-validator:jar:5.2.4.Final is invalid, transitive dependencies (if any) will not be available, enable debug logging for more details
2018-09-10 21:41:41,848 [Worker-7: Updating Maven Dependencies] WARN  o.e.m.c.i.embedder.EclipseLogger - The POM for org.javassist:javassist:jar:3.18.1-GA is invalid, transitive dependencies (if any) will not be available, enable debug logging for more details
2018-09-10 21:41:44,907 [Worker-7: Updating Maven Dependencies] WARN  o.e.m.c.i.embedder.EclipseLogger - The POM for org.springframework:spring-aop:jar:4.2.5.RELEASE is invalid, transitive dependencies (if any) will not be available, enable debug logging for more details
2018-09-10 21:41:44,950 [Worker-7: Updating Maven Dependencies] WARN  o.e.m.c.i.embedder.EclipseLogger - The POM for org.springframework:spring-aspects:jar:4.2.5.RELEASE is invalid, transitive dependencies (if any) will not be available, enable debug logging for more details
2018-09-10 21:41:44,977 [Worker-7: Updating Maven Dependencies] WARN  o.e.m.c.i.embedder.EclipseLogger - The POM for log4j:log4j:jar:1.2.17 is invalid, transitive dependencies (if any) will not be available, enable debug logging for more details
2018-09-10 21:41:44,988 [Worker-7: Updating Maven Dependencies] WARN  o.e.m.c.i.embedder.EclipseLogger - The POM for commons-dbcp:commons-dbcp:jar:1.4 is invalid, transitive dependencies (if any) will not be available, enable debug logging for more details
2018-09-10 21:41:44,994 [Worker-7: Updating Maven Dependencies] WARN  o.e.m.c.i.embedder.EclipseLogger - The POM for org.hibernate:hibernate-validator:jar:5.2.4.Final is invalid, transitive dependencies (if any) will not be available, enable debug logging for more details
2018-09-10 21:41:45,050 [Worker-7: Updating Maven Dependencies] WARN  o.e.m.c.i.embedder.EclipseLogger - The POM for org.javassist:javassist:jar:3.18.1-GA is invalid, transitive dependencies (if any) will not be available, enable debug logging for more details
2018-09-10 21:41:50,782 [Worker-13: Building workspace] WARN  o.e.m.c.i.embedder.EclipseLogger - The POM for org.springframework:spring-aop:jar:4.2.5.RELEASE is invalid, transitive dependencies (if any) will not be available, enable debug logging for more details
2018-09-10 21:41:50,814 [Worker-13: Building workspace] WARN  o.e.m.c.i.embedder.EclipseLogger - The POM for org.springframework:spring-aspects:jar:4.2.5.RELEASE is invalid, transitive dependencies (if any) will not be available, enable debug logging for more details
2018-09-10 21:41:50,820 [Worker-13: Building workspace] WARN  o.e.m.c.i.embedder.EclipseLogger - The POM for log4j:log4j:jar:1.2.17 is invalid, transitive dependencies (if any) will not be available, enable debug logging for more details
2018-09-10 21:41:50,830 [Worker-13: Building workspace] WARN  o.e.m.c.i.embedder.EclipseLogger - The POM for commons-dbcp:commons-dbcp:jar:1.4 is invalid, transitive dependencies (if any) will not be available, enable debug logging for more details
2018-09-10 21:41:50,835 [Worker-13: Building workspace] WARN  o.e.m.c.i.embedder.EclipseLogger - The POM for org.hibernate:hibernate-validator:jar:5.2.4.Final is invalid, transitive dependencies (if any) will not be available, enable debug logging for more details
2018-09-10 21:41:50,884 [Worker-13: Building workspace] WARN  o.e.m.c.i.embedder.EclipseLogger - The POM for org.javassist:javassist:jar:3.18.1-GA is invalid, transitive dependencies (if any) will not be available, enable debug logging for more details
2018-09-10 21:41:51,636 [Worker-13: Building workspace] INFO  o.e.m.c.i.embedder.EclipseLogger - Using 'UTF-8' encoding to copy filtered resources.
2018-09-10 21:41:51,665 [Worker-13: Building workspace] INFO  o.e.m.c.i.embedder.EclipseLogger - skip non existing resourceDirectory C:\Users\Joel DeVos\project2\RecipeSuggestionApp\RecipeApp\src\main\resources
2018-09-10 21:41:51,699 [Worker-13: Building workspace] INFO  o.e.m.c.i.embedder.EclipseLogger - Using 'UTF-8' encoding to copy filtered resources.
2018-09-10 21:41:51,703 [Worker-13: Building workspace] INFO  o.e.m.c.i.embedder.EclipseLogger - skip non existing resourceDirectory C:\Users\Joel DeVos\project2\RecipeSuggestionApp\RecipeApp\src\test\resources
2018-09-10 21:42:40,456 [Worker-8: Building workspace] INFO  o.e.m.c.i.embedder.EclipseLogger - Using 'UTF-8' encoding to copy filtered resources.
2018-09-10 21:42:40,456 [Worker-8: Building workspace] INFO  o.e.m.c.i.embedder.EclipseLogger - skip non existing resourceDirectory C:\Users\Joel DeVos\project2\RecipeSuggestionApp\RecipeApp\src\main\resources
2018-09-10 21:42:40,474 [Worker-8: Building workspace] INFO  o.e.m.c.i.embedder.EclipseLogger - Using 'UTF-8' encoding to copy filtered resources.
2018-09-10 21:42:40,476 [Worker-8: Building workspace] INFO  o.e.m.c.i.embedder.EclipseLogger - skip non existing resourceDirectory C:\Users\Joel DeVos\project2\RecipeSuggestionApp\RecipeApp\src\test\resources
2018-09-10 22:15:19,994 [Worker-17: Building workspace] INFO  o.e.m.c.i.l.LifecycleMappingFactory - Using org.maven.ide.eclipse.wtp.WarLifecycleMapping lifecycle mapping for MavenProject: com.ex:RecipeApp:0.0.1-SNAPSHOT @ C:\Users\Joel DeVos\project2\RecipeSuggestionApp\RecipeApp\pom.xml.
2018-09-10 22:15:20,293 [Worker-17: Building workspace] WARN  o.e.m.c.i.embedder.EclipseLogger - The POM for org.springframework:spring-aop:jar:4.2.5.RELEASE is invalid, transitive dependencies (if any) will not be available, enable debug logging for more details
2018-09-10 22:15:20,438 [Worker-17: Building workspace] WARN  o.e.m.c.i.embedder.EclipseLogger - The POM for org.springframework:spring-aspects:jar:4.2.5.RELEASE is invalid, transitive dependencies (if any) will not be available, enable debug logging for more details
2018-09-10 22:15:20,509 [Worker-17: Building workspace] WARN  o.e.m.c.i.embedder.EclipseLogger - The POM for log4j:log4j:jar:1.2.17 is invalid, transitive dependencies (if any) will not be available, enable debug logging for more details
2018-09-10 22:15:20,593 [Worker-17: Building workspace] WARN  o.e.m.c.i.embedder.EclipseLogger - The POM for commons-dbcp:commons-dbcp:jar:1.4 is invalid, transitive dependencies (if any) will not be available, enable debug logging for more details
2018-09-10 22:15:20,705 [Worker-17: Building workspace] WARN  o.e.m.c.i.embedder.EclipseLogger - The POM for org.hibernate:hibernate-validator:jar:5.2.4.Final is invalid, transitive dependencies (if any) will not be available, enable debug logging for more details
2018-09-10 22:15:21,227 [Worker-17: Building workspace] WARN  o.e.m.c.i.embedder.EclipseLogger - The POM for org.javassist:javassist:jar:3.18.1-GA is invalid, transitive dependencies (if any) will not be available, enable debug logging for more details
2018-09-10 22:15:22,756 [Worker-17: Building workspace] ERROR o.e.m.c.i.i.nexus.NexusIndexManager - Unable to add com/ex/RecipeApp/0.0.1-SNAPSHOT/RecipeApp-0.0.1-SNAPSHOT.pom
java.io.IOException: Cannot overwrite: C:\Users\Joel DeVos\project2\RecipeSuggestionApp\.metadata\.plugins\org.eclipse.m2e.core\nexus\830bc118332e77292949ed1e6d2fabe0\_3.cfs
	at org.apache.lucene.store.FSDirectory.createOutput(FSDirectory.java:440) ~[lucene-core-2.4.1.jar:2.4.1 750176 - 2009-03-04 21:56:52]
	at org.apache.lucene.index.CompoundFileWriter.close(CompoundFileWriter.java:150) ~[lucene-core-2.4.1.jar:2.4.1 750176 - 2009-03-04 21:56:52]
	at org.apache.lucene.index.DocumentsWriter.createCompoundFile(DocumentsWriter.java:611) ~[lucene-core-2.4.1.jar:2.4.1 750176 - 2009-03-04 21:56:52]
	at org.apache.lucene.index.IndexWriter.doFlush(IndexWriter.java:3591) ~[lucene-core-2.4.1.jar:2.4.1 750176 - 2009-03-04 21:56:52]
	at org.apache.lucene.index.IndexWriter.flush(IndexWriter.java:3450) ~[lucene-core-2.4.1.jar:2.4.1 750176 - 2009-03-04 21:56:52]
	at org.apache.lucene.index.IndexWriter.prepareCommit(IndexWriter.java:3363) ~[lucene-core-2.4.1.jar:2.4.1 750176 - 2009-03-04 21:56:52]
	at org.apache.lucene.index.IndexWriter.commit(IndexWriter.java:3408) ~[lucene-core-2.4.1.jar:2.4.1 750176 - 2009-03-04 21:56:52]
	at org.apache.maven.index.DefaultIndexerEngine.update(DefaultIndexerEngine.java:84) ~[org.eclipse.m2e.maven.indexer_1.9.0.20180606-2035/:na]
	at org.apache.maven.index.DefaultNexusIndexer.addArtifactToIndex(DefaultNexusIndexer.java:338) ~[org.eclipse.m2e.maven.indexer_1.9.0.20180606-2035/:na]
	at org.eclipse.m2e.core.internal.index.nexus.NexusIndexManager.addDocument(NexusIndexManager.java:580) [org.eclipse.m2e.core_1.9.0.20180606-2036.jar:na]
	at org.eclipse.m2e.core.internal.index.nexus.NexusIndexManager.mavenProjectChanged(NexusIndexManager.java:758) [org.eclipse.m2e.core_1.9.0.20180606-2036.jar:na]
	at org.eclipse.m2e.core.internal.project.registry.ProjectRegistryManager.notifyProjectChangeListeners(ProjectRegistryManager.java:783) [org.eclipse.m2e.core_1.9.0.20180606-2036.jar:na]
	at org.eclipse.m2e.core.internal.project.registry.ProjectRegistryManager.applyMutableProjectRegistry(ProjectRegistryManager.java:930) [org.eclipse.m2e.core_1.9.0.20180606-2036.jar:na]
	at org.eclipse.m2e.core.internal.project.registry.ProjectRegistryManager.refresh(ProjectRegistryManager.java:300) [org.eclipse.m2e.core_1.9.0.20180606-2036.jar:na]
	at org.eclipse.m2e.core.internal.builder.MavenBuilder$BuildMethod.getProjectFacade(MavenBuilder.java:154) [org.eclipse.m2e.core_1.9.0.20180606-2036.jar:na]
	at org.eclipse.m2e.core.internal.builder.MavenBuilder$BuildMethod$1.call(MavenBuilder.java:89) [org.eclipse.m2e.core_1.9.0.20180606-2036.jar:na]
	at org.eclipse.m2e.core.internal.embedder.MavenExecutionContext.executeBare(MavenExecutionContext.java:177) [org.eclipse.m2e.core_1.9.0.20180606-2036.jar:na]
	at org.eclipse.m2e.core.internal.embedder.MavenExecutionContext.execute(MavenExecutionContext.java:151) [org.eclipse.m2e.core_1.9.0.20180606-2036.jar:na]
	at org.eclipse.m2e.core.internal.embedder.MavenExecutionContext.execute(MavenExecutionContext.java:99) [org.eclipse.m2e.core_1.9.0.20180606-2036.jar:na]
	at org.eclipse.m2e.core.internal.builder.MavenBuilder$BuildMethod.execute(MavenBuilder.java:86) [org.eclipse.m2e.core_1.9.0.20180606-2036.jar:na]
	at org.eclipse.m2e.core.internal.builder.MavenBuilder.build(MavenBuilder.java:200) [org.eclipse.m2e.core_1.9.0.20180606-2036.jar:na]
	at org.eclipse.core.internal.events.BuildManager$2.run(BuildManager.java:795) [org.eclipse.core.resources_3.13.0.v20180512-1138.jar:na]
	at org.eclipse.core.runtime.SafeRunner.run(SafeRunner.java:42) [org.eclipse.equinox.common_3.10.0.v20180412-1130.jar:na]
	at org.eclipse.core.internal.events.BuildManager.basicBuild(BuildManager.java:216) [org.eclipse.core.resources_3.13.0.v20180512-1138.jar:na]
	at org.eclipse.core.internal.events.BuildManager.basicBuild(BuildManager.java:259) [org.eclipse.core.resources_3.13.0.v20180512-1138.jar:na]
	at org.eclipse.core.internal.events.BuildManager$1.run(BuildManager.java:312) [org.eclipse.core.resources_3.13.0.v20180512-1138.jar:na]
	at org.eclipse.core.runtime.SafeRunner.run(SafeRunner.java:42) [org.eclipse.equinox.common_3.10.0.v20180412-1130.jar:na]
	at org.eclipse.core.internal.events.BuildManager.basicBuild(BuildManager.java:315) [org.eclipse.core.resources_3.13.0.v20180512-1138.jar:na]
	at org.eclipse.core.internal.events.BuildManager.basicBuildLoop(BuildManager.java:367) [org.eclipse.core.resources_3.13.0.v20180512-1138.jar:na]
	at org.eclipse.core.internal.events.BuildManager.build(BuildManager.java:388) [org.eclipse.core.resources_3.13.0.v20180512-1138.jar:na]
	at org.eclipse.core.internal.events.AutoBuildJob.doBuild(AutoBuildJob.java:142) [org.eclipse.core.resources_3.13.0.v20180512-1138.jar:na]
	at org.eclipse.core.internal.events.AutoBuildJob.run(AutoBuildJob.java:232) [org.eclipse.core.resources_3.13.0.v20180512-1138.jar:na]
	at org.eclipse.core.internal.jobs.Worker.run(Worker.java:60) [org.eclipse.core.jobs_3.10.0.v20180427-1454.jar:na]
2018-09-10 22:15:23,239 [Worker-17: Building workspace] INFO  o.e.m.c.i.embedder.EclipseLogger - Using 'UTF-8' encoding to copy filtered resources.
2018-09-10 22:15:23,239 [Worker-17: Building workspace] INFO  o.e.m.c.i.embedder.EclipseLogger - skip non existing resourceDirectory C:\Users\Joel DeVos\project2\RecipeSuggestionApp\RecipeApp\src\main\resources
2018-09-10 22:15:23,242 [Worker-17: Building workspace] INFO  o.e.m.c.i.embedder.EclipseLogger - Using 'UTF-8' encoding to copy filtered resources.
2018-09-10 22:15:23,242 [Worker-17: Building workspace] INFO  o.e.m.c.i.embedder.EclipseLogger - skip non existing resourceDirectory C:\Users\Joel DeVos\project2\RecipeSuggestionApp\RecipeApp\src\test\resources
2018-09-10 22:15:23,245 [Worker-17: Building workspace] INFO  o.e.m.w.i.f.ResourceFilteringBuildParticipant - Changed resources require a complete clean of filtered resources of RecipeApp
2018-09-10 22:15:23,246 [Worker-17: Building workspace] INFO  o.e.m.w.i.f.ResourceFilteringBuildParticipant - Executing resource filtering for RecipeApp
2018-09-10 22:15:23,253 [Worker-17: Building workspace] INFO  o.e.m.c.i.embedder.EclipseLogger - Using 'UTF-8' encoding to copy filtered resources.
2018-09-10 22:41:41,434 [Worker-0: Building workspace] WARN  o.e.m.c.i.embedder.EclipseLogger - The POM for org.springframework:spring-aop:jar:4.2.5.RELEASE is invalid, transitive dependencies (if any) will not be available, enable debug logging for more details
2018-09-10 22:41:41,527 [Worker-0: Building workspace] WARN  o.e.m.c.i.embedder.EclipseLogger - The POM for org.springframework:spring-aspects:jar:4.2.5.RELEASE is invalid, transitive dependencies (if any) will not be available, enable debug logging for more details
2018-09-10 22:41:41,538 [Worker-0: Building workspace] WARN  o.e.m.c.i.embedder.EclipseLogger - The POM for log4j:log4j:jar:1.2.17 is invalid, transitive dependencies (if any) will not be available, enable debug logging for more details
2018-09-10 22:41:41,555 [Worker-0: Building workspace] WARN  o.e.m.c.i.embedder.EclipseLogger - The POM for commons-dbcp:commons-dbcp:jar:1.4 is invalid, transitive dependencies (if any) will not be available, enable debug logging for more details
2018-09-10 22:41:41,567 [Worker-0: Building workspace] WARN  o.e.m.c.i.embedder.EclipseLogger - The POM for org.hibernate:hibernate-validator:jar:5.2.4.Final is invalid, transitive dependencies (if any) will not be available, enable debug logging for more details
2018-09-10 22:41:41,697 [Worker-0: Building workspace] WARN  o.e.m.c.i.embedder.EclipseLogger - The POM for org.javassist:javassist:jar:3.18.1-GA is invalid, transitive dependencies (if any) will not be available, enable debug logging for more details
2018-09-10 22:41:43,394 [Worker-0: Building workspace] INFO  o.e.m.c.i.embedder.EclipseLogger - Using 'UTF-8' encoding to copy filtered resources.
2018-09-10 22:41:43,394 [Worker-0: Building workspace] INFO  o.e.m.c.i.embedder.EclipseLogger - skip non existing resourceDirectory C:\Users\Joel DeVos\project2\RecipeSuggestionApp\RecipeApp\src\main\resources
2018-09-10 22:41:43,397 [Worker-0: Building workspace] INFO  o.e.m.c.i.embedder.EclipseLogger - Using 'UTF-8' encoding to copy filtered resources.
2018-09-10 22:41:43,397 [Worker-0: Building workspace] INFO  o.e.m.c.i.embedder.EclipseLogger - skip non existing resourceDirectory C:\Users\Joel DeVos\project2\RecipeSuggestionApp\RecipeApp\src\test\resources
